<?xml version="1.0" encoding="UTF-8"?>
<testng-results ignored="0" total="1" passed="1" failed="0" skipped="0">
  <reporter-output>
  </reporter-output>
  <suite started-at="2025-06-09T11:45:18 IST" name="Default suite" finished-at="2025-06-09T11:45:18 IST" duration-ms="110">
    <groups>
    </groups>
    <test started-at="2025-06-09T11:45:18 IST" name="Default test" finished-at="2025-06-09T11:45:18 IST" duration-ms="110">
      <class name="test.test1">
        <test-method is-config="true" signature="m2()[pri:0, instance:test.test1@3270d194]" started-at="2025-06-09T11:45:18 IST" name="m2" finished-at="2025-06-09T11:45:18 IST" duration-ms="18" status="PASS">
          <reporter-output>
          </reporter-output>
        </test-method> <!-- m2 -->
        <test-method signature="m1()[pri:0, instance:test.test1@3270d194]" started-at="2025-06-09T11:45:18 IST" name="m1" finished-at="2025-06-09T11:45:18 IST" duration-ms="12" status="PASS">
          <reporter-output>
          </reporter-output>
        </test-method> <!-- m1 -->
      </class> <!-- test.test1 -->
    </test> <!-- Default test -->
  </suite> <!-- Default suite -->
</testng-results>
